CRITICAL - 2025-05-27 14:49:40 --> ErrorException: Undefined variable $approveAnnouncement
[Method: GET, Route: psits-dashboard]
in APPPATH\Views\psits-dashboard.php on line 35.
 1 APPPATH\Views\psits-dashboard.php(35): CodeIgniter\Debug\Exceptions->errorHandler(2, 'Undefined variable $approveAnnouncement', 'C:\\Users\\Kieth\\Downloads\\Psits_System\\app\\Views\\psits-dashboard.php', 35)
 2 SYSTEMPATH\View\View.php(224): include('C:\\Users\\Kieth\\Downloads\\Psits_System\\app\\Views\\psits-dashboard.php')
 3 SYSTEMPATH\View\View.php(227): CodeIgniter\View\View->CodeIgniter\View\{closure}()
 4 SYSTEMPATH\Common.php(1173): CodeIgniter\View\View->render('psits-dashboard', [], true)
 5 APPPATH\Controllers\AdminDashboard.php(69): view('psits-dashboard', [...])
 6 SYSTEMPATH\CodeIgniter.php(933): App\Controllers\AdminDashboard->psitsDashboard()
 7 SYSTEMPATH\CodeIgniter.php(507): CodeIgniter\CodeIgniter->runController(Object(App\Controllers\AdminDashboard))
 8 SYSTEMPATH\CodeIgniter.php(354): CodeIgniter\CodeIgniter->handleRequest(null, Object(Config\Cache), false)
 9 SYSTEMPATH\Boot.php(334): CodeIgniter\CodeIgniter->run()
10 SYSTEMPATH\Boot.php(67): CodeIgniter\Boot::runCodeIgniter(Object(CodeIgniter\CodeIgniter))
11 FCPATH\index.php(56): CodeIgniter\Boot::bootWeb(Object(Config\Paths))
12 SYSTEMPATH\rewrite.php(44): require_once('C:\\Users\\Kieth\\Downloads\\Psits_System\\public\\index.php')
CRITICAL - 2025-05-27 15:11:05 --> ErrorException: include(partials/chatbot.php): Failed to open stream: No such file or directory
[Method: GET, Route: psits-dashboard]
in APPPATH\Views\partials\header.php on line 17.
 1 APPPATH\Views\partials\header.php(17): CodeIgniter\Debug\Exceptions->errorHandler(2, 'include(partials/chatbot.php): Failed to open stream: No such file or directory', 'C:\\Users\\Kieth\\Downloads\\Psits_System\\app\\Views\\partials\\header.php', 17)
 2 APPPATH\Views\partials\header.php(17): include()
 3 APPPATH\Views\psits-dashboard.php(17): include('C:\\Users\\Kieth\\Downloads\\Psits_System\\app\\Views\\partials\\header.php')
 4 SYSTEMPATH\View\View.php(224): include('C:\\Users\\Kieth\\Downloads\\Psits_System\\app\\Views\\psits-dashboard.php')
 5 SYSTEMPATH\View\View.php(227): CodeIgniter\View\View->CodeIgniter\View\{closure}()
 6 SYSTEMPATH\Common.php(1173): CodeIgniter\View\View->render('psits-dashboard', [], true)
 7 APPPATH\Controllers\AdminDashboard.php(75): view('psits-dashboard', [...])
 8 SYSTEMPATH\CodeIgniter.php(933): App\Controllers\AdminDashboard->psitsDashboard()
 9 SYSTEMPATH\CodeIgniter.php(507): CodeIgniter\CodeIgniter->runController(Object(App\Controllers\AdminDashboard))
10 SYSTEMPATH\CodeIgniter.php(354): CodeIgniter\CodeIgniter->handleRequest(null, Object(Config\Cache), false)
11 SYSTEMPATH\Boot.php(334): CodeIgniter\CodeIgniter->run()
12 SYSTEMPATH\Boot.php(67): CodeIgniter\Boot::runCodeIgniter(Object(CodeIgniter\CodeIgniter))
13 FCPATH\index.php(56): CodeIgniter\Boot::bootWeb(Object(Config\Paths))
14 SYSTEMPATH\rewrite.php(44): require_once('C:\\Users\\Kieth\\Downloads\\Psits_System\\public\\index.php')
CRITICAL - 2025-05-27 15:13:05 --> ErrorException: include(partials/chatbot.php): Failed to open stream: No such file or directory
[Method: GET, Route: psits-dashboard]
in APPPATH\Views\partials\header.php on line 17.
 1 APPPATH\Views\partials\header.php(17): CodeIgniter\Debug\Exceptions->errorHandler(2, 'include(partials/chatbot.php): Failed to open stream: No such file or directory', 'C:\\Users\\Kieth\\Downloads\\Psits_System\\app\\Views\\partials\\header.php', 17)
 2 APPPATH\Views\partials\header.php(17): include()
 3 APPPATH\Views\psits-dashboard.php(18): include('C:\\Users\\Kieth\\Downloads\\Psits_System\\app\\Views\\partials\\header.php')
 4 SYSTEMPATH\View\View.php(224): include('C:\\Users\\Kieth\\Downloads\\Psits_System\\app\\Views\\psits-dashboard.php')
 5 SYSTEMPATH\View\View.php(227): CodeIgniter\View\View->CodeIgniter\View\{closure}()
 6 SYSTEMPATH\Common.php(1173): CodeIgniter\View\View->render('psits-dashboard', [], true)
 7 APPPATH\Controllers\AdminDashboard.php(75): view('psits-dashboard', [...])
 8 SYSTEMPATH\CodeIgniter.php(933): App\Controllers\AdminDashboard->psitsDashboard()
 9 SYSTEMPATH\CodeIgniter.php(507): CodeIgniter\CodeIgniter->runController(Object(App\Controllers\AdminDashboard))
10 SYSTEMPATH\CodeIgniter.php(354): CodeIgniter\CodeIgniter->handleRequest(null, Object(Config\Cache), false)
11 SYSTEMPATH\Boot.php(334): CodeIgniter\CodeIgniter->run()
12 SYSTEMPATH\Boot.php(67): CodeIgniter\Boot::runCodeIgniter(Object(CodeIgniter\CodeIgniter))
13 FCPATH\index.php(56): CodeIgniter\Boot::bootWeb(Object(Config\Paths))
14 SYSTEMPATH\rewrite.php(44): require_once('C:\\Users\\Kieth\\Downloads\\Psits_System\\public\\index.php')
CRITICAL - 2025-05-27 15:14:04 --> ErrorException: include(C:\Users\Kieth\Downloads\Psits_System\app\Views\partials/partials/chatbot.php): Failed to open stream: No such file or directory
[Method: GET, Route: psits-dashboard]
in APPPATH\Views\partials\header.php on line 17.
 1 APPPATH\Views\partials\header.php(17): CodeIgniter\Debug\Exceptions->errorHandler(2, 'include(C:\\Users\\Kieth\\Downloads\\Psits_System\\app\\Views\\partials/partials/chatbot.php): Failed to open stream: No such file or directory', 'C:\\Users\\Kieth\\Downloads\\Psits_System\\app\\Views\\partials\\header.php', 17)
 2 APPPATH\Views\partials\header.php(17): include()
 3 APPPATH\Views\psits-dashboard.php(18): include('C:\\Users\\Kieth\\Downloads\\Psits_System\\app\\Views\\partials\\header.php')
 4 SYSTEMPATH\View\View.php(224): include('C:\\Users\\Kieth\\Downloads\\Psits_System\\app\\Views\\psits-dashboard.php')
 5 SYSTEMPATH\View\View.php(227): CodeIgniter\View\View->CodeIgniter\View\{closure}()
 6 SYSTEMPATH\Common.php(1173): CodeIgniter\View\View->render('psits-dashboard', [], true)
 7 APPPATH\Controllers\AdminDashboard.php(75): view('psits-dashboard', [...])
 8 SYSTEMPATH\CodeIgniter.php(933): App\Controllers\AdminDashboard->psitsDashboard()
 9 SYSTEMPATH\CodeIgniter.php(507): CodeIgniter\CodeIgniter->runController(Object(App\Controllers\AdminDashboard))
10 SYSTEMPATH\CodeIgniter.php(354): CodeIgniter\CodeIgniter->handleRequest(null, Object(Config\Cache), false)
11 SYSTEMPATH\Boot.php(334): CodeIgniter\CodeIgniter->run()
12 SYSTEMPATH\Boot.php(67): CodeIgniter\Boot::runCodeIgniter(Object(CodeIgniter\CodeIgniter))
13 FCPATH\index.php(56): CodeIgniter\Boot::bootWeb(Object(Config\Paths))
14 SYSTEMPATH\rewrite.php(44): require_once('C:\\Users\\Kieth\\Downloads\\Psits_System\\public\\index.php')
CRITICAL - 2025-05-27 15:18:22 --> ErrorException: Trying to access array offset on value of type null
[Method: GET, Route: updateMember/js/scripts.js]
in APPPATH\Views\updateMember.php on line 38.
 1 APPPATH\Views\updateMember.php(38): CodeIgniter\Debug\Exceptions->errorHandler(2, 'Trying to access array offset on value of type null', 'C:\\Users\\Kieth\\Downloads\\Psits_System\\app\\Views\\updateMember.php', 38)
 2 SYSTEMPATH\View\View.php(224): include('C:\\Users\\Kieth\\Downloads\\Psits_System\\app\\Views\\updateMember.php')
 3 SYSTEMPATH\View\View.php(227): CodeIgniter\View\View->CodeIgniter\View\{closure}()
 4 SYSTEMPATH\Common.php(1173): CodeIgniter\View\View->render('updateMember', [], true)
 5 APPPATH\Controllers\Member.php(125): view('updateMember', [...])
 6 SYSTEMPATH\CodeIgniter.php(933): App\Controllers\Member->updateMember('js', 'scripts.js', 'js', 'scripts.js')
 7 SYSTEMPATH\CodeIgniter.php(507): CodeIgniter\CodeIgniter->runController(Object(App\Controllers\Member))
 8 SYSTEMPATH\CodeIgniter.php(354): CodeIgniter\CodeIgniter->handleRequest(null, Object(Config\Cache), false)
 9 SYSTEMPATH\Boot.php(334): CodeIgniter\CodeIgniter->run()
10 SYSTEMPATH\Boot.php(67): CodeIgniter\Boot::runCodeIgniter(Object(CodeIgniter\CodeIgniter))
11 FCPATH\index.php(56): CodeIgniter\Boot::bootWeb(Object(Config\Paths))
12 SYSTEMPATH\rewrite.php(44): require_once('C:\\Users\\Kieth\\Downloads\\Psits_System\\public\\index.php')
CRITICAL - 2025-05-27 15:18:22 --> ErrorException: Trying to access array offset on value of type null
[Method: GET, Route: updateMember/assets/demo/chart-area-demo.js]
in APPPATH\Views\updateMember.php on line 38.
 1 APPPATH\Views\updateMember.php(38): CodeIgniter\Debug\Exceptions->errorHandler(2, 'Trying to access array offset on value of type null', 'C:\\Users\\Kieth\\Downloads\\Psits_System\\app\\Views\\updateMember.php', 38)
 2 SYSTEMPATH\View\View.php(224): include('C:\\Users\\Kieth\\Downloads\\Psits_System\\app\\Views\\updateMember.php')
 3 SYSTEMPATH\View\View.php(227): CodeIgniter\View\View->CodeIgniter\View\{closure}()
 4 SYSTEMPATH\Common.php(1173): CodeIgniter\View\View->render('updateMember', [], true)
 5 APPPATH\Controllers\Member.php(125): view('updateMember', [...])
 6 SYSTEMPATH\CodeIgniter.php(933): App\Controllers\Member->updateMember('assets', 'demo', 'chart-area-demo.js', 'assets', 'demo', 'chart-area-demo.js')
 7 SYSTEMPATH\CodeIgniter.php(507): CodeIgniter\CodeIgniter->runController(Object(App\Controllers\Member))
 8 SYSTEMPATH\CodeIgniter.php(354): CodeIgniter\CodeIgniter->handleRequest(null, Object(Config\Cache), false)
 9 SYSTEMPATH\Boot.php(334): CodeIgniter\CodeIgniter->run()
10 SYSTEMPATH\Boot.php(67): CodeIgniter\Boot::runCodeIgniter(Object(CodeIgniter\CodeIgniter))
11 FCPATH\index.php(56): CodeIgniter\Boot::bootWeb(Object(Config\Paths))
12 SYSTEMPATH\rewrite.php(44): require_once('C:\\Users\\Kieth\\Downloads\\Psits_System\\public\\index.php')
CRITICAL - 2025-05-27 15:18:23 --> ErrorException: Trying to access array offset on value of type null
[Method: GET, Route: updateMember/assets/demo/chart-bar-demo.js]
in APPPATH\Views\updateMember.php on line 38.
 1 APPPATH\Views\updateMember.php(38): CodeIgniter\Debug\Exceptions->errorHandler(2, 'Trying to access array offset on value of type null', 'C:\\Users\\Kieth\\Downloads\\Psits_System\\app\\Views\\updateMember.php', 38)
 2 SYSTEMPATH\View\View.php(224): include('C:\\Users\\Kieth\\Downloads\\Psits_System\\app\\Views\\updateMember.php')
 3 SYSTEMPATH\View\View.php(227): CodeIgniter\View\View->CodeIgniter\View\{closure}()
 4 SYSTEMPATH\Common.php(1173): CodeIgniter\View\View->render('updateMember', [], true)
 5 APPPATH\Controllers\Member.php(125): view('updateMember', [...])
 6 SYSTEMPATH\CodeIgniter.php(933): App\Controllers\Member->updateMember('assets', 'demo', 'chart-bar-demo.js', 'assets', 'demo', 'chart-bar-demo.js')
 7 SYSTEMPATH\CodeIgniter.php(507): CodeIgniter\CodeIgniter->runController(Object(App\Controllers\Member))
 8 SYSTEMPATH\CodeIgniter.php(354): CodeIgniter\CodeIgniter->handleRequest(null, Object(Config\Cache), false)
 9 SYSTEMPATH\Boot.php(334): CodeIgniter\CodeIgniter->run()
10 SYSTEMPATH\Boot.php(67): CodeIgniter\Boot::runCodeIgniter(Object(CodeIgniter\CodeIgniter))
11 FCPATH\index.php(56): CodeIgniter\Boot::bootWeb(Object(Config\Paths))
12 SYSTEMPATH\rewrite.php(44): require_once('C:\\Users\\Kieth\\Downloads\\Psits_System\\public\\index.php')
CRITICAL - 2025-05-27 15:18:23 --> ErrorException: Trying to access array offset on value of type null
[Method: GET, Route: updateMember/js/datatables-simple-demo.js]
in APPPATH\Views\updateMember.php on line 38.
 1 APPPATH\Views\updateMember.php(38): CodeIgniter\Debug\Exceptions->errorHandler(2, 'Trying to access array offset on value of type null', 'C:\\Users\\Kieth\\Downloads\\Psits_System\\app\\Views\\updateMember.php', 38)
 2 SYSTEMPATH\View\View.php(224): include('C:\\Users\\Kieth\\Downloads\\Psits_System\\app\\Views\\updateMember.php')
 3 SYSTEMPATH\View\View.php(227): CodeIgniter\View\View->CodeIgniter\View\{closure}()
 4 SYSTEMPATH\Common.php(1173): CodeIgniter\View\View->render('updateMember', [], true)
 5 APPPATH\Controllers\Member.php(125): view('updateMember', [...])
 6 SYSTEMPATH\CodeIgniter.php(933): App\Controllers\Member->updateMember('js', 'datatables-simple-demo.js', 'js', 'datatables-simple-demo.js')
 7 SYSTEMPATH\CodeIgniter.php(507): CodeIgniter\CodeIgniter->runController(Object(App\Controllers\Member))
 8 SYSTEMPATH\CodeIgniter.php(354): CodeIgniter\CodeIgniter->handleRequest(null, Object(Config\Cache), false)
 9 SYSTEMPATH\Boot.php(334): CodeIgniter\CodeIgniter->run()
10 SYSTEMPATH\Boot.php(67): CodeIgniter\Boot::runCodeIgniter(Object(CodeIgniter\CodeIgniter))
11 FCPATH\index.php(56): CodeIgniter\Boot::bootWeb(Object(Config\Paths))
12 SYSTEMPATH\rewrite.php(44): require_once('C:\\Users\\Kieth\\Downloads\\Psits_System\\public\\index.php')
CRITICAL - 2025-05-27 15:37:23 --> ErrorException: Trying to access array offset on value of type null
[Method: GET, Route: updateMember/js/scripts.js]
in APPPATH\Views\updateMember.php on line 38.
 1 APPPATH\Views\updateMember.php(38): CodeIgniter\Debug\Exceptions->errorHandler(2, 'Trying to access array offset on value of type null', 'C:\\Users\\Kieth\\Downloads\\Psits_System\\app\\Views\\updateMember.php', 38)
 2 SYSTEMPATH\View\View.php(224): include('C:\\Users\\Kieth\\Downloads\\Psits_System\\app\\Views\\updateMember.php')
 3 SYSTEMPATH\View\View.php(227): CodeIgniter\View\View->CodeIgniter\View\{closure}()
 4 SYSTEMPATH\Common.php(1173): CodeIgniter\View\View->render('updateMember', [], true)
 5 APPPATH\Controllers\Member.php(125): view('updateMember', [...])
 6 SYSTEMPATH\CodeIgniter.php(933): App\Controllers\Member->updateMember('js', 'scripts.js', 'js', 'scripts.js')
 7 SYSTEMPATH\CodeIgniter.php(507): CodeIgniter\CodeIgniter->runController(Object(App\Controllers\Member))
 8 SYSTEMPATH\CodeIgniter.php(354): CodeIgniter\CodeIgniter->handleRequest(null, Object(Config\Cache), false)
 9 SYSTEMPATH\Boot.php(334): CodeIgniter\CodeIgniter->run()
10 SYSTEMPATH\Boot.php(67): CodeIgniter\Boot::runCodeIgniter(Object(CodeIgniter\CodeIgniter))
11 FCPATH\index.php(56): CodeIgniter\Boot::bootWeb(Object(Config\Paths))
12 SYSTEMPATH\rewrite.php(44): require_once('C:\\Users\\Kieth\\Downloads\\Psits_System\\public\\index.php')
CRITICAL - 2025-05-27 15:37:24 --> ErrorException: Trying to access array offset on value of type null
[Method: GET, Route: updateMember/assets/demo/chart-area-demo.js]
in APPPATH\Views\updateMember.php on line 38.
 1 APPPATH\Views\updateMember.php(38): CodeIgniter\Debug\Exceptions->errorHandler(2, 'Trying to access array offset on value of type null', 'C:\\Users\\Kieth\\Downloads\\Psits_System\\app\\Views\\updateMember.php', 38)
 2 SYSTEMPATH\View\View.php(224): include('C:\\Users\\Kieth\\Downloads\\Psits_System\\app\\Views\\updateMember.php')
 3 SYSTEMPATH\View\View.php(227): CodeIgniter\View\View->CodeIgniter\View\{closure}()
 4 SYSTEMPATH\Common.php(1173): CodeIgniter\View\View->render('updateMember', [], true)
 5 APPPATH\Controllers\Member.php(125): view('updateMember', [...])
 6 SYSTEMPATH\CodeIgniter.php(933): App\Controllers\Member->updateMember('assets', 'demo', 'chart-area-demo.js', 'assets', 'demo', 'chart-area-demo.js')
 7 SYSTEMPATH\CodeIgniter.php(507): CodeIgniter\CodeIgniter->runController(Object(App\Controllers\Member))
 8 SYSTEMPATH\CodeIgniter.php(354): CodeIgniter\CodeIgniter->handleRequest(null, Object(Config\Cache), false)
 9 SYSTEMPATH\Boot.php(334): CodeIgniter\CodeIgniter->run()
10 SYSTEMPATH\Boot.php(67): CodeIgniter\Boot::runCodeIgniter(Object(CodeIgniter\CodeIgniter))
11 FCPATH\index.php(56): CodeIgniter\Boot::bootWeb(Object(Config\Paths))
12 SYSTEMPATH\rewrite.php(44): require_once('C:\\Users\\Kieth\\Downloads\\Psits_System\\public\\index.php')
CRITICAL - 2025-05-27 15:37:24 --> ErrorException: Trying to access array offset on value of type null
[Method: GET, Route: updateMember/assets/demo/chart-bar-demo.js]
in APPPATH\Views\updateMember.php on line 38.
 1 APPPATH\Views\updateMember.php(38): CodeIgniter\Debug\Exceptions->errorHandler(2, 'Trying to access array offset on value of type null', 'C:\\Users\\Kieth\\Downloads\\Psits_System\\app\\Views\\updateMember.php', 38)
 2 SYSTEMPATH\View\View.php(224): include('C:\\Users\\Kieth\\Downloads\\Psits_System\\app\\Views\\updateMember.php')
 3 SYSTEMPATH\View\View.php(227): CodeIgniter\View\View->CodeIgniter\View\{closure}()
 4 SYSTEMPATH\Common.php(1173): CodeIgniter\View\View->render('updateMember', [], true)
 5 APPPATH\Controllers\Member.php(125): view('updateMember', [...])
 6 SYSTEMPATH\CodeIgniter.php(933): App\Controllers\Member->updateMember('assets', 'demo', 'chart-bar-demo.js', 'assets', 'demo', 'chart-bar-demo.js')
 7 SYSTEMPATH\CodeIgniter.php(507): CodeIgniter\CodeIgniter->runController(Object(App\Controllers\Member))
 8 SYSTEMPATH\CodeIgniter.php(354): CodeIgniter\CodeIgniter->handleRequest(null, Object(Config\Cache), false)
 9 SYSTEMPATH\Boot.php(334): CodeIgniter\CodeIgniter->run()
10 SYSTEMPATH\Boot.php(67): CodeIgniter\Boot::runCodeIgniter(Object(CodeIgniter\CodeIgniter))
11 FCPATH\index.php(56): CodeIgniter\Boot::bootWeb(Object(Config\Paths))
12 SYSTEMPATH\rewrite.php(44): require_once('C:\\Users\\Kieth\\Downloads\\Psits_System\\public\\index.php')
CRITICAL - 2025-05-27 15:37:24 --> ErrorException: Trying to access array offset on value of type null
[Method: GET, Route: updateMember/js/datatables-simple-demo.js]
in APPPATH\Views\updateMember.php on line 38.
 1 APPPATH\Views\updateMember.php(38): CodeIgniter\Debug\Exceptions->errorHandler(2, 'Trying to access array offset on value of type null', 'C:\\Users\\Kieth\\Downloads\\Psits_System\\app\\Views\\updateMember.php', 38)
 2 SYSTEMPATH\View\View.php(224): include('C:\\Users\\Kieth\\Downloads\\Psits_System\\app\\Views\\updateMember.php')
 3 SYSTEMPATH\View\View.php(227): CodeIgniter\View\View->CodeIgniter\View\{closure}()
 4 SYSTEMPATH\Common.php(1173): CodeIgniter\View\View->render('updateMember', [], true)
 5 APPPATH\Controllers\Member.php(125): view('updateMember', [...])
 6 SYSTEMPATH\CodeIgniter.php(933): App\Controllers\Member->updateMember('js', 'datatables-simple-demo.js', 'js', 'datatables-simple-demo.js')
 7 SYSTEMPATH\CodeIgniter.php(507): CodeIgniter\CodeIgniter->runController(Object(App\Controllers\Member))
 8 SYSTEMPATH\CodeIgniter.php(354): CodeIgniter\CodeIgniter->handleRequest(null, Object(Config\Cache), false)
 9 SYSTEMPATH\Boot.php(334): CodeIgniter\CodeIgniter->run()
10 SYSTEMPATH\Boot.php(67): CodeIgniter\Boot::runCodeIgniter(Object(CodeIgniter\CodeIgniter))
11 FCPATH\index.php(56): CodeIgniter\Boot::bootWeb(Object(Config\Paths))
12 SYSTEMPATH\rewrite.php(44): require_once('C:\\Users\\Kieth\\Downloads\\Psits_System\\public\\index.php')
