CRITICAL - 2025-05-13 07:06:23 --> ErrorException: Trying to access array offset on value of type null
[Method: POST, Route: verifyOtp]
in APPPATH\Controllers\Home.php on line 91.
 1 APPPATH\Controllers\Home.php(91): CodeIgniter\Debug\Exceptions->errorHandler(2, 'Trying to access array offset on value of type null', 'D:\\xampp\\htdocs\\Psits_System\\app\\Controllers\\Home.php', 91)
 2 SYSTEMPATH\CodeIgniter.php(933): App\Controllers\Home->verifyOtp()
 3 SYSTEMPATH\CodeIgniter.php(507): CodeIgniter\CodeIgniter->runController(Object(App\Controllers\Home))
 4 SYSTEMPATH\CodeIgniter.php(354): CodeIgniter\CodeIgniter->handleRequest(null, Object(Config\Cache), false)
 5 SYSTEMPATH\Boot.php(334): CodeIgniter\CodeIgniter->run()
 6 SYSTEMPATH\Boot.php(67): CodeIgniter\Boot::runCodeIgniter(Object(CodeIgniter\CodeIgniter))
 7 FCPATH\index.php(56): CodeIgniter\Boot::bootWeb(Object(Config\Paths))
 8 SYSTEMPATH\rewrite.php(44): require_once('D:\\xampp\\htdocs\\Psits_System\\public\\index.php')
CRITICAL - 2025-05-13 07:06:59 --> ErrorException: Trying to access array offset on value of type null
[Method: POST, Route: verifyOtp]
in APPPATH\Controllers\Home.php on line 91.
 1 APPPATH\Controllers\Home.php(91): CodeIgniter\Debug\Exceptions->errorHandler(2, 'Trying to access array offset on value of type null', 'D:\\xampp\\htdocs\\Psits_System\\app\\Controllers\\Home.php', 91)
 2 SYSTEMPATH\CodeIgniter.php(933): App\Controllers\Home->verifyOtp()
 3 SYSTEMPATH\CodeIgniter.php(507): CodeIgniter\CodeIgniter->runController(Object(App\Controllers\Home))
 4 SYSTEMPATH\CodeIgniter.php(354): CodeIgniter\CodeIgniter->handleRequest(null, Object(Config\Cache), false)
 5 SYSTEMPATH\Boot.php(334): CodeIgniter\CodeIgniter->run()
 6 SYSTEMPATH\Boot.php(67): CodeIgniter\Boot::runCodeIgniter(Object(CodeIgniter\CodeIgniter))
 7 FCPATH\index.php(56): CodeIgniter\Boot::bootWeb(Object(Config\Paths))
 8 SYSTEMPATH\rewrite.php(44): require_once('D:\\xampp\\htdocs\\Psits_System\\public\\index.php')
CRITICAL - 2025-05-13 07:10:59 --> ErrorException: Trying to access array offset on value of type null
[Method: POST, Route: verifyOtp]
in APPPATH\Controllers\Home.php on line 91.
 1 APPPATH\Controllers\Home.php(91): CodeIgniter\Debug\Exceptions->errorHandler(2, 'Trying to access array offset on value of type null', 'D:\\xampp\\htdocs\\Psits_System\\app\\Controllers\\Home.php', 91)
 2 SYSTEMPATH\CodeIgniter.php(933): App\Controllers\Home->verifyOtp()
 3 SYSTEMPATH\CodeIgniter.php(507): CodeIgniter\CodeIgniter->runController(Object(App\Controllers\Home))
 4 SYSTEMPATH\CodeIgniter.php(354): CodeIgniter\CodeIgniter->handleRequest(null, Object(Config\Cache), false)
 5 SYSTEMPATH\Boot.php(334): CodeIgniter\CodeIgniter->run()
 6 SYSTEMPATH\Boot.php(67): CodeIgniter\Boot::runCodeIgniter(Object(CodeIgniter\CodeIgniter))
 7 FCPATH\index.php(56): CodeIgniter\Boot::bootWeb(Object(Config\Paths))
 8 SYSTEMPATH\rewrite.php(44): require_once('D:\\xampp\\htdocs\\Psits_System\\public\\index.php')
CRITICAL - 2025-05-13 07:11:15 --> ErrorException: Trying to access array offset on value of type null
[Method: POST, Route: verifyOtp]
in APPPATH\Controllers\Home.php on line 91.
 1 APPPATH\Controllers\Home.php(91): CodeIgniter\Debug\Exceptions->errorHandler(2, 'Trying to access array offset on value of type null', 'D:\\xampp\\htdocs\\Psits_System\\app\\Controllers\\Home.php', 91)
 2 SYSTEMPATH\CodeIgniter.php(933): App\Controllers\Home->verifyOtp()
 3 SYSTEMPATH\CodeIgniter.php(507): CodeIgniter\CodeIgniter->runController(Object(App\Controllers\Home))
 4 SYSTEMPATH\CodeIgniter.php(354): CodeIgniter\CodeIgniter->handleRequest(null, Object(Config\Cache), false)
 5 SYSTEMPATH\Boot.php(334): CodeIgniter\CodeIgniter->run()
 6 SYSTEMPATH\Boot.php(67): CodeIgniter\Boot::runCodeIgniter(Object(CodeIgniter\CodeIgniter))
 7 FCPATH\index.php(56): CodeIgniter\Boot::bootWeb(Object(Config\Paths))
 8 SYSTEMPATH\rewrite.php(44): require_once('D:\\xampp\\htdocs\\Psits_System\\public\\index.php')
CRITICAL - 2025-05-13 07:11:17 --> ErrorException: Trying to access array offset on value of type null
[Method: POST, Route: verifyOtp]
in APPPATH\Controllers\Home.php on line 91.
 1 APPPATH\Controllers\Home.php(91): CodeIgniter\Debug\Exceptions->errorHandler(2, 'Trying to access array offset on value of type null', 'D:\\xampp\\htdocs\\Psits_System\\app\\Controllers\\Home.php', 91)
 2 SYSTEMPATH\CodeIgniter.php(933): App\Controllers\Home->verifyOtp()
 3 SYSTEMPATH\CodeIgniter.php(507): CodeIgniter\CodeIgniter->runController(Object(App\Controllers\Home))
 4 SYSTEMPATH\CodeIgniter.php(354): CodeIgniter\CodeIgniter->handleRequest(null, Object(Config\Cache), false)
 5 SYSTEMPATH\Boot.php(334): CodeIgniter\CodeIgniter->run()
 6 SYSTEMPATH\Boot.php(67): CodeIgniter\Boot::runCodeIgniter(Object(CodeIgniter\CodeIgniter))
 7 FCPATH\index.php(56): CodeIgniter\Boot::bootWeb(Object(Config\Paths))
 8 SYSTEMPATH\rewrite.php(44): require_once('D:\\xampp\\htdocs\\Psits_System\\public\\index.php')
CRITICAL - 2025-05-13 07:11:18 --> ErrorException: Trying to access array offset on value of type null
[Method: POST, Route: verifyOtp]
in APPPATH\Controllers\Home.php on line 91.
 1 APPPATH\Controllers\Home.php(91): CodeIgniter\Debug\Exceptions->errorHandler(2, 'Trying to access array offset on value of type null', 'D:\\xampp\\htdocs\\Psits_System\\app\\Controllers\\Home.php', 91)
 2 SYSTEMPATH\CodeIgniter.php(933): App\Controllers\Home->verifyOtp()
 3 SYSTEMPATH\CodeIgniter.php(507): CodeIgniter\CodeIgniter->runController(Object(App\Controllers\Home))
 4 SYSTEMPATH\CodeIgniter.php(354): CodeIgniter\CodeIgniter->handleRequest(null, Object(Config\Cache), false)
 5 SYSTEMPATH\Boot.php(334): CodeIgniter\CodeIgniter->run()
 6 SYSTEMPATH\Boot.php(67): CodeIgniter\Boot::runCodeIgniter(Object(CodeIgniter\CodeIgniter))
 7 FCPATH\index.php(56): CodeIgniter\Boot::bootWeb(Object(Config\Paths))
 8 SYSTEMPATH\rewrite.php(44): require_once('D:\\xampp\\htdocs\\Psits_System\\public\\index.php')
CRITICAL - 2025-05-13 07:11:40 --> ErrorException: Trying to access array offset on value of type null
[Method: POST, Route: verifyOtp]
in APPPATH\Controllers\Home.php on line 91.
 1 APPPATH\Controllers\Home.php(91): CodeIgniter\Debug\Exceptions->errorHandler(2, 'Trying to access array offset on value of type null', 'D:\\xampp\\htdocs\\Psits_System\\app\\Controllers\\Home.php', 91)
 2 SYSTEMPATH\CodeIgniter.php(933): App\Controllers\Home->verifyOtp()
 3 SYSTEMPATH\CodeIgniter.php(507): CodeIgniter\CodeIgniter->runController(Object(App\Controllers\Home))
 4 SYSTEMPATH\CodeIgniter.php(354): CodeIgniter\CodeIgniter->handleRequest(null, Object(Config\Cache), false)
 5 SYSTEMPATH\Boot.php(334): CodeIgniter\CodeIgniter->run()
 6 SYSTEMPATH\Boot.php(67): CodeIgniter\Boot::runCodeIgniter(Object(CodeIgniter\CodeIgniter))
 7 FCPATH\index.php(56): CodeIgniter\Boot::bootWeb(Object(Config\Paths))
 8 SYSTEMPATH\rewrite.php(44): require_once('D:\\xampp\\htdocs\\Psits_System\\public\\index.php')
CRITICAL - 2025-05-13 07:48:40 --> ErrorException: Undefined variable $users
[Method: GET, Route: otp]
in APPPATH\Views\otp.php on line 26.
 1 APPPATH\Views\otp.php(26): CodeIgniter\Debug\Exceptions->errorHandler(2, 'Undefined variable $users', 'D:\\xampp\\htdocs\\Psits_System\\app\\Views\\otp.php', 26)
 2 SYSTEMPATH\View\View.php(224): include('D:\\xampp\\htdocs\\Psits_System\\app\\Views\\otp.php')
 3 SYSTEMPATH\View\View.php(227): CodeIgniter\View\View->CodeIgniter\View\{closure}()
 4 SYSTEMPATH\Common.php(1173): CodeIgniter\View\View->render('otp', [], true)
 5 APPPATH\Controllers\Home.php(79): view('otp')
 6 SYSTEMPATH\CodeIgniter.php(933): App\Controllers\Home->otp()
 7 SYSTEMPATH\CodeIgniter.php(507): CodeIgniter\CodeIgniter->runController(Object(App\Controllers\Home))
 8 SYSTEMPATH\CodeIgniter.php(354): CodeIgniter\CodeIgniter->handleRequest(null, Object(Config\Cache), false)
 9 SYSTEMPATH\Boot.php(334): CodeIgniter\CodeIgniter->run()
10 SYSTEMPATH\Boot.php(67): CodeIgniter\Boot::runCodeIgniter(Object(CodeIgniter\CodeIgniter))
11 FCPATH\index.php(56): CodeIgniter\Boot::bootWeb(Object(Config\Paths))
12 SYSTEMPATH\rewrite.php(44): require_once('D:\\xampp\\htdocs\\Psits_System\\public\\index.php')
CRITICAL - 2025-05-13 07:48:51 --> ErrorException: Undefined variable $users
[Method: GET, Route: otp]
in APPPATH\Views\otp.php on line 26.
 1 APPPATH\Views\otp.php(26): CodeIgniter\Debug\Exceptions->errorHandler(2, 'Undefined variable $users', 'D:\\xampp\\htdocs\\Psits_System\\app\\Views\\otp.php', 26)
 2 SYSTEMPATH\View\View.php(224): include('D:\\xampp\\htdocs\\Psits_System\\app\\Views\\otp.php')
 3 SYSTEMPATH\View\View.php(227): CodeIgniter\View\View->CodeIgniter\View\{closure}()
 4 SYSTEMPATH\Common.php(1173): CodeIgniter\View\View->render('otp', [], true)
 5 APPPATH\Controllers\Home.php(79): view('otp')
 6 SYSTEMPATH\CodeIgniter.php(933): App\Controllers\Home->otp()
 7 SYSTEMPATH\CodeIgniter.php(507): CodeIgniter\CodeIgniter->runController(Object(App\Controllers\Home))
 8 SYSTEMPATH\CodeIgniter.php(354): CodeIgniter\CodeIgniter->handleRequest(null, Object(Config\Cache), false)
 9 SYSTEMPATH\Boot.php(334): CodeIgniter\CodeIgniter->run()
10 SYSTEMPATH\Boot.php(67): CodeIgniter\Boot::runCodeIgniter(Object(CodeIgniter\CodeIgniter))
11 FCPATH\index.php(56): CodeIgniter\Boot::bootWeb(Object(Config\Paths))
12 SYSTEMPATH\rewrite.php(44): require_once('D:\\xampp\\htdocs\\Psits_System\\public\\index.php')
