CRITICAL - 2025-05-26 19:45:22 --> ErrorException: Trying to access array offset on value of type null
[Method: GET, Route: updateMember/js/scripts.js]
in APPPATH\Views\updateMember.php on line 38.
 1 APPPATH\Views\updateMember.php(38): CodeIgniter\Debug\Exceptions->errorHandler(2, 'Trying to access array offset on value of type null', 'C:\\Users\\Kieth\\Downloads\\Psits_System\\app\\Views\\updateMember.php', 38)
 2 SYSTEMPATH\View\View.php(224): include('C:\\Users\\Kieth\\Downloads\\Psits_System\\app\\Views\\updateMember.php')
 3 SYSTEMPATH\View\View.php(227): CodeIgniter\View\View->CodeIgniter\View\{closure}()
 4 SYSTEMPATH\Common.php(1173): CodeIgniter\View\View->render('updateMember', [], true)
 5 APPPATH\Controllers\Member.php(125): view('updateMember', [...])
 6 SYSTEMPATH\CodeIgniter.php(933): App\Controllers\Member->updateMember('js', 'scripts.js', 'js', 'scripts.js')
 7 SYSTEMPATH\CodeIgniter.php(507): CodeIgniter\CodeIgniter->runController(Object(App\Controllers\Member))
 8 SYSTEMPATH\CodeIgniter.php(354): CodeIgniter\CodeIgniter->handleRequest(null, Object(Config\Cache), false)
 9 SYSTEMPATH\Boot.php(334): CodeIgniter\CodeIgniter->run()
10 SYSTEMPATH\Boot.php(67): CodeIgniter\Boot::runCodeIgniter(Object(CodeIgniter\CodeIgniter))
11 FCPATH\index.php(56): CodeIgniter\Boot::bootWeb(Object(Config\Paths))
12 SYSTEMPATH\rewrite.php(44): require_once('C:\\Users\\Kieth\\Downloads\\Psits_System\\public\\index.php')
CRITICAL - 2025-05-26 19:45:22 --> ErrorException: Trying to access array offset on value of type null
[Method: GET, Route: updateMember/assets/demo/chart-area-demo.js]
in APPPATH\Views\updateMember.php on line 38.
 1 APPPATH\Views\updateMember.php(38): CodeIgniter\Debug\Exceptions->errorHandler(2, 'Trying to access array offset on value of type null', 'C:\\Users\\Kieth\\Downloads\\Psits_System\\app\\Views\\updateMember.php', 38)
 2 SYSTEMPATH\View\View.php(224): include('C:\\Users\\Kieth\\Downloads\\Psits_System\\app\\Views\\updateMember.php')
 3 SYSTEMPATH\View\View.php(227): CodeIgniter\View\View->CodeIgniter\View\{closure}()
 4 SYSTEMPATH\Common.php(1173): CodeIgniter\View\View->render('updateMember', [], true)
 5 APPPATH\Controllers\Member.php(125): view('updateMember', [...])
 6 SYSTEMPATH\CodeIgniter.php(933): App\Controllers\Member->updateMember('assets', 'demo', 'chart-area-demo.js', 'assets', 'demo', 'chart-area-demo.js')
 7 SYSTEMPATH\CodeIgniter.php(507): CodeIgniter\CodeIgniter->runController(Object(App\Controllers\Member))
 8 SYSTEMPATH\CodeIgniter.php(354): CodeIgniter\CodeIgniter->handleRequest(null, Object(Config\Cache), false)
 9 SYSTEMPATH\Boot.php(334): CodeIgniter\CodeIgniter->run()
10 SYSTEMPATH\Boot.php(67): CodeIgniter\Boot::runCodeIgniter(Object(CodeIgniter\CodeIgniter))
11 FCPATH\index.php(56): CodeIgniter\Boot::bootWeb(Object(Config\Paths))
12 SYSTEMPATH\rewrite.php(44): require_once('C:\\Users\\Kieth\\Downloads\\Psits_System\\public\\index.php')
CRITICAL - 2025-05-26 19:45:22 --> ErrorException: Trying to access array offset on value of type null
[Method: GET, Route: updateMember/assets/demo/chart-bar-demo.js]
in APPPATH\Views\updateMember.php on line 38.
 1 APPPATH\Views\updateMember.php(38): CodeIgniter\Debug\Exceptions->errorHandler(2, 'Trying to access array offset on value of type null', 'C:\\Users\\Kieth\\Downloads\\Psits_System\\app\\Views\\updateMember.php', 38)
 2 SYSTEMPATH\View\View.php(224): include('C:\\Users\\Kieth\\Downloads\\Psits_System\\app\\Views\\updateMember.php')
 3 SYSTEMPATH\View\View.php(227): CodeIgniter\View\View->CodeIgniter\View\{closure}()
 4 SYSTEMPATH\Common.php(1173): CodeIgniter\View\View->render('updateMember', [], true)
 5 APPPATH\Controllers\Member.php(125): view('updateMember', [...])
 6 SYSTEMPATH\CodeIgniter.php(933): App\Controllers\Member->updateMember('assets', 'demo', 'chart-bar-demo.js', 'assets', 'demo', 'chart-bar-demo.js')
 7 SYSTEMPATH\CodeIgniter.php(507): CodeIgniter\CodeIgniter->runController(Object(App\Controllers\Member))
 8 SYSTEMPATH\CodeIgniter.php(354): CodeIgniter\CodeIgniter->handleRequest(null, Object(Config\Cache), false)
 9 SYSTEMPATH\Boot.php(334): CodeIgniter\CodeIgniter->run()
10 SYSTEMPATH\Boot.php(67): CodeIgniter\Boot::runCodeIgniter(Object(CodeIgniter\CodeIgniter))
11 FCPATH\index.php(56): CodeIgniter\Boot::bootWeb(Object(Config\Paths))
12 SYSTEMPATH\rewrite.php(44): require_once('C:\\Users\\Kieth\\Downloads\\Psits_System\\public\\index.php')
CRITICAL - 2025-05-26 19:45:22 --> ErrorException: Trying to access array offset on value of type null
[Method: GET, Route: updateMember/js/datatables-simple-demo.js]
in APPPATH\Views\updateMember.php on line 38.
 1 APPPATH\Views\updateMember.php(38): CodeIgniter\Debug\Exceptions->errorHandler(2, 'Trying to access array offset on value of type null', 'C:\\Users\\Kieth\\Downloads\\Psits_System\\app\\Views\\updateMember.php', 38)
 2 SYSTEMPATH\View\View.php(224): include('C:\\Users\\Kieth\\Downloads\\Psits_System\\app\\Views\\updateMember.php')
 3 SYSTEMPATH\View\View.php(227): CodeIgniter\View\View->CodeIgniter\View\{closure}()
 4 SYSTEMPATH\Common.php(1173): CodeIgniter\View\View->render('updateMember', [], true)
 5 APPPATH\Controllers\Member.php(125): view('updateMember', [...])
 6 SYSTEMPATH\CodeIgniter.php(933): App\Controllers\Member->updateMember('js', 'datatables-simple-demo.js', 'js', 'datatables-simple-demo.js')
 7 SYSTEMPATH\CodeIgniter.php(507): CodeIgniter\CodeIgniter->runController(Object(App\Controllers\Member))
 8 SYSTEMPATH\CodeIgniter.php(354): CodeIgniter\CodeIgniter->handleRequest(null, Object(Config\Cache), false)
 9 SYSTEMPATH\Boot.php(334): CodeIgniter\CodeIgniter->run()
10 SYSTEMPATH\Boot.php(67): CodeIgniter\Boot::runCodeIgniter(Object(CodeIgniter\CodeIgniter))
11 FCPATH\index.php(56): CodeIgniter\Boot::bootWeb(Object(Config\Paths))
12 SYSTEMPATH\rewrite.php(44): require_once('C:\\Users\\Kieth\\Downloads\\Psits_System\\public\\index.php')
