CRITICAL - 2025-05-05 11:07:26 --> ErrorException: Array to string conversion
[Method: GET, Route: register]
in APPPATH\Views\register.php on line 34.
 1 APPPATH\Views\register.php(34): CodeIgniter\Debug\Exceptions->errorHandler(2, 'Array to string conversion', 'D:\\xampp\\htdocs\\Psits_System\\app\\Views\\register.php', 34)
 2 SYSTEMPATH\View\View.php(224): include('D:\\xampp\\htdocs\\Psits_System\\app\\Views\\register.php')
 3 SYSTEMPATH\View\View.php(227): CodeIgniter\View\View->CodeIgniter\View\{closure}()
 4 SYSTEMPATH\Common.php(1173): CodeIgniter\View\View->render('register', [], true)
 5 APPPATH\Controllers\Home.php(25): view('register')
 6 SYSTEMPATH\CodeIgniter.php(933): App\Controllers\Home->register()
 7 SYSTEMPATH\CodeIgniter.php(507): CodeIgniter\CodeIgniter->runController(Object(App\Controllers\Home))
 8 SYSTEMPATH\CodeIgniter.php(354): CodeIgniter\CodeIgniter->handleRequest(null, Object(Config\Cache), false)
 9 SYSTEMPATH\Boot.php(334): CodeIgniter\CodeIgniter->run()
10 SYSTEMPATH\Boot.php(67): CodeIgniter\Boot::runCodeIgniter(Object(CodeIgniter\CodeIgniter))
11 FCPATH\index.php(56): CodeIgniter\Boot::bootWeb(Object(Config\Paths))
12 SYSTEMPATH\rewrite.php(44): require_once('D:\\xampp\\htdocs\\Psits_System\\public\\index.php')
CRITICAL - 2025-05-05 11:07:34 --> ErrorException: Array to string conversion
[Method: GET, Route: register]
in APPPATH\Views\register.php on line 34.
 1 APPPATH\Views\register.php(34): CodeIgniter\Debug\Exceptions->errorHandler(2, 'Array to string conversion', 'D:\\xampp\\htdocs\\Psits_System\\app\\Views\\register.php', 34)
 2 SYSTEMPATH\View\View.php(224): include('D:\\xampp\\htdocs\\Psits_System\\app\\Views\\register.php')
 3 SYSTEMPATH\View\View.php(227): CodeIgniter\View\View->CodeIgniter\View\{closure}()
 4 SYSTEMPATH\Common.php(1173): CodeIgniter\View\View->render('register', [], true)
 5 APPPATH\Controllers\Home.php(25): view('register')
 6 SYSTEMPATH\CodeIgniter.php(933): App\Controllers\Home->register()
 7 SYSTEMPATH\CodeIgniter.php(507): CodeIgniter\CodeIgniter->runController(Object(App\Controllers\Home))
 8 SYSTEMPATH\CodeIgniter.php(354): CodeIgniter\CodeIgniter->handleRequest(null, Object(Config\Cache), false)
 9 SYSTEMPATH\Boot.php(334): CodeIgniter\CodeIgniter->run()
10 SYSTEMPATH\Boot.php(67): CodeIgniter\Boot::runCodeIgniter(Object(CodeIgniter\CodeIgniter))
11 FCPATH\index.php(56): CodeIgniter\Boot::bootWeb(Object(Config\Paths))
12 SYSTEMPATH\rewrite.php(44): require_once('D:\\xampp\\htdocs\\Psits_System\\public\\index.php')
CRITICAL - 2025-05-05 11:08:00 --> ErrorException: Array to string conversion
[Method: GET, Route: register]
in APPPATH\Views\register.php on line 34.
 1 APPPATH\Views\register.php(34): CodeIgniter\Debug\Exceptions->errorHandler(2, 'Array to string conversion', 'D:\\xampp\\htdocs\\Psits_System\\app\\Views\\register.php', 34)
 2 SYSTEMPATH\View\View.php(224): include('D:\\xampp\\htdocs\\Psits_System\\app\\Views\\register.php')
 3 SYSTEMPATH\View\View.php(227): CodeIgniter\View\View->CodeIgniter\View\{closure}()
 4 SYSTEMPATH\Common.php(1173): CodeIgniter\View\View->render('register', [], true)
 5 APPPATH\Controllers\Home.php(25): view('register')
 6 SYSTEMPATH\CodeIgniter.php(933): App\Controllers\Home->register()
 7 SYSTEMPATH\CodeIgniter.php(507): CodeIgniter\CodeIgniter->runController(Object(App\Controllers\Home))
 8 SYSTEMPATH\CodeIgniter.php(354): CodeIgniter\CodeIgniter->handleRequest(null, Object(Config\Cache), false)
 9 SYSTEMPATH\Boot.php(334): CodeIgniter\CodeIgniter->run()
10 SYSTEMPATH\Boot.php(67): CodeIgniter\Boot::runCodeIgniter(Object(CodeIgniter\CodeIgniter))
11 FCPATH\index.php(56): CodeIgniter\Boot::bootWeb(Object(Config\Paths))
12 SYSTEMPATH\rewrite.php(44): require_once('D:\\xampp\\htdocs\\Psits_System\\public\\index.php')
